{"/home/henry/projects/jobtrace-ai/frontend/src/shared/api/mocks/handlers.ts": {"path":"/home/henry/projects/jobtrace-ai/frontend/src/shared/api/mocks/handlers.ts","statementMap":{"0":{"start":{"line":3,"column":24},"end":{"line":12,"column":null}},"1":{"start":{"line":4,"column":49},"end":{"line":4,"column":84}},"2":{"start":{"line":6,"column":4},"end":{"line":11,"column":6}}},"fnMap":{"0":{"name":"(anonymous_0)","decl":{"start":{"line":4,"column":11},"end":{"line":4,"column":49}},"loc":{"start":{"line":4,"column":49},"end":{"line":4,"column":84}},"line":4},"1":{"name":"(anonymous_1)","decl":{"start":{"line":5,"column":11},"end":{"line":5,"column":null}},"loc":{"start":{"line":6,"column":4},"end":{"line":11,"column":6}},"line":6}},"branchMap":{},"s":{"0":1,"1":0,"2":0},"f":{"0":0,"1":0},"b":{},"meta":{"lastBranch":0,"lastFunction":2,"lastStatement":3,"seen":{"s:3:24:12:Infinity":0,"f:4:11:4:49":0,"s:4:49:4:84":1,"f:5:11:5:Infinity":1,"s:6:4:11:6":2}}}
,"/home/henry/projects/jobtrace-ai/frontend/src/shared/api/mocks/server.ts": {"path":"/home/henry/projects/jobtrace-ai/frontend/src/shared/api/mocks/server.ts","statementMap":{"0":{"start":{"line":5,"column":13},"end":{"line":5,"column":46}}},"fnMap":{},"branchMap":{},"s":{"0":1},"f":{},"b":{},"meta":{"lastBranch":0,"lastFunction":0,"lastStatement":1,"seen":{"s:5:13:5:46":0}}}
,"/home/henry/projects/jobtrace-ai/frontend/src/shared/lib/cn.ts": {"path":"/home/henry/projects/jobtrace-ai/frontend/src/shared/lib/cn.ts","statementMap":{"0":{"start":{"line":4,"column":2},"end":{"line":4,"column":null}}},"fnMap":{"0":{"name":"cn","decl":{"start":{"line":3,"column":16},"end":{"line":3,"column":19}},"loc":{"start":{"line":3,"column":52},"end":{"line":4,"column":null}},"line":3}},"branchMap":{},"s":{"0":1},"f":{"0":1},"b":{},"meta":{"lastBranch":0,"lastFunction":1,"lastStatement":1,"seen":{"f:3:16:3:19":0,"s:4:2:4:Infinity":0}}}
}
